# JRE version: OpenJDK Runtime Environment Corretto-17.0.14.7.1 (17.0.14+7) (build 17.0.14+7-LTS)
# Java VM: OpenJDK 64-Bit Server VM Corretto-17.0.14.7.1 (17.0.14+7-LTS, mixed mode, sharing, tiered, compressed oops, compressed class ptrs, g1 gc, windows-amd64)
GC Precious Log:
 CPUs: 8 total, 8 available
 Memory: 24285M
 Large Page Support: Disabled
 NUMA Support: Disabled
 Compressed Oops: Enabled (32-bit)
 Heap Region Size: 1M
 Heap Min Capacity: 256M
 Heap Initial Capacity: 256M
 Heap Max Capacity: 512M
 Pre-touch: Disabled
 Parallel Workers: 8
 Concurrent Workers: 2
 Concurrent Refinement Workers: 8
 Periodic GC: Disabled
Heap:
 garbage-first heap   total 262144K, used 116181K [0x00000000e0000000, 0x0000000100000000)
  region size 1024K, 63 young (64512K), 12 survivors (12288K)
 Metaspace       used 63912K, committed 64576K, reserved 393216K
  class space    used 8752K, committed 9088K, reserved 327680K
GC Heap History (16 events):
Event: 13.026 GC heap before
{Heap before GC invocations=0 (full 0):
 garbage-first heap   total 262144K, used 23552K [0x00000000e0000000, 0x0000000100000000)
  region size 1024K, 23 young (23552K), 0 survivors (0K)
 Metaspace       used 1090K, committed 1216K, reserved 393216K
  class space    used 78K, committed 128K, reserved 327680K
}
Event: 13.028 GC heap after
{Heap after GC invocations=1 (full 0):
 garbage-first heap   total 262144K, used 2645K [0x00000000e0000000, 0x0000000100000000)
  region size 1024K, 3 young (3072K), 3 survivors (3072K)
 Metaspace       used 1090K, committed 1216K, reserved 393216K
  class space    used 78K, committed 128K, reserved 327680K
}
Event: 16.477 GC heap before
{Heap before GC invocations=1 (full 0):
 garbage-first heap   total 262144K, used 39509K [0x00000000e0000000, 0x0000000100000000)
  region size 1024K, 36 young (36864K), 3 survivors (3072K)
 Metaspace       used 4412K, committed 4608K, reserved 393216K
  class space    used 552K, committed 640K, reserved 327680K
}
Event: 16.481 GC heap after
{Heap after GC invocations=2 (full 0):
 garbage-first heap   total 262144K, used 10842K [0x00000000e0000000, 0x0000000100000000)
  region size 1024K, 5 young (5120K), 5 survivors (5120K)
 Metaspace       used 4412K, committed 4608K, reserved 393216K
  class space    used 552K, committed 640K, reserved 327680K
}
Event: 28.372 GC heap before
{Heap before GC invocations=2 (full 0):
 garbage-first heap   total 262144K, used 56922K [0x00000000e0000000, 0x0000000100000000)
  region size 1024K, 48 young (49152K), 5 survivors (5120K)
 Metaspace       used 4623K, committed 4864K, reserved 393216K
  class space    used 574K, committed 704K, reserved 327680K
}
Event: 28.376 GC heap after
{Heap after GC invocations=3 (full 0):
 garbage-first heap   total 262144K, used 16587K [0x00000000e0000000, 0x0000000100000000)
  region size 1024K, 5 young (5120K), 5 survivors (5120K)
 Metaspace       used 4623K, committed 4864K, reserved 393216K
  class space    used 574K, committed 704K, reserved 327680K
}
Event: 30.525 GC heap before
{Heap before GC invocations=3 (full 0):
 garbage-first heap   total 262144K, used 129227K [0x00000000e0000000, 0x0000000100000000)
  region size 1024K, 116 young (118784K), 5 survivors (5120K)
 Metaspace       used 21175K, committed 21504K, reserved 393216K
  class space    used 3107K, committed 3264K, reserved 327680K
}
Event: 30.534 GC heap after
{Heap after GC invocations=4 (full 0):
 garbage-first heap   total 262144K, used 24265K [0x00000000e0000000, 0x0000000100000000)
  region size 1024K, 12 young (12288K), 12 survivors (12288K)
 Metaspace       used 21175K, committed 21504K, reserved 393216K
  class space    used 3107K, committed 3264K, reserved 327680K
}
Event: 32.715 GC heap before
{Heap before GC invocations=5 (full 0):
 garbage-first heap   total 262144K, used 147145K [0x00000000e0000000, 0x0000000100000000)
  region size 1024K, 129 young (132096K), 12 survivors (12288K)
 Metaspace       used 35697K, committed 36096K, reserved 393216K
  class space    used 4969K, committed 5184K, reserved 327680K
}
Event: 32.730 GC heap after
{Heap after GC invocations=6 (full 0):
 garbage-first heap   total 262144K, used 33176K [0x00000000e0000000, 0x0000000100000000)
  region size 1024K, 17 young (17408K), 17 survivors (17408K)
 Metaspace       used 35697K, committed 36096K, reserved 393216K
  class space    used 4969K, committed 5184K, reserved 327680K
}
Event: 36.846 GC heap before
{Heap before GC invocations=7 (full 0):
 garbage-first heap   total 262144K, used 173464K [0x00000000e0000000, 0x0000000100000000)
  region size 1024K, 153 young (156672K), 17 survivors (17408K)
 Metaspace       used 53028K, committed 53568K, reserved 393216K
  class space    used 7350K, committed 7616K, reserved 327680K
}
Event: 36.861 GC heap after
{Heap after GC invocations=8 (full 0):
 garbage-first heap   total 262144K, used 42154K [0x00000000e0000000, 0x0000000100000000)
  region size 1024K, 18 young (18432K), 18 survivors (18432K)
 Metaspace       used 53028K, committed 53568K, reserved 393216K
  class space    used 7350K, committed 7616K, reserved 327680K
}
Event: 40.174 GC heap before
{Heap before GC invocations=8 (full 0):
 garbage-first heap   total 262144K, used 176298K [0x00000000e0000000, 0x0000000100000000)
  region size 1024K, 150 young (153600K), 18 survivors (18432K)
 Metaspace       used 59794K, committed 60416K, reserved 393216K
  class space    used 8407K, committed 8704K, reserved 327680K
}
Event: 40.189 GC heap after
{Heap after GC invocations=9 (full 0):
 garbage-first heap   total 262144K, used 52789K [0x00000000e0000000, 0x0000000100000000)
  region size 1024K, 20 young (20480K), 20 survivors (20480K)
 Metaspace       used 59794K, committed 60416K, reserved 393216K
  class space    used 8407K, committed 8704K, reserved 327680K
}
Event: 48.863 GC heap before
{Heap before GC invocations=10 (full 0):
 garbage-first heap   total 262144K, used 188981K [0x00000000e0000000, 0x0000000100000000)
  region size 1024K, 153 young (156672K), 20 survivors (20480K)
 Metaspace       used 63084K, committed 63680K, reserved 393216K
  class space    used 8655K, committed 8960K, reserved 327680K
}
Event: 48.882 GC heap after
{Heap after GC invocations=11 (full 0):
 garbage-first heap   total 262144K, used 64981K [0x00000000e0000000, 0x0000000100000000)
  region size 1024K, 12 young (12288K), 12 survivors (12288K)
 Metaspace       used 63084K, committed 63680K, reserved 393216K
  class space    used 8655K, committed 8960K, reserved 327680K
}

